Arguments: 
  /usr/local/bin/node /usr/local/bin/yarn add nodemon

PATH: 
  /usr/local/bin:/usr/bin:/bin:/usr/sbin:/sbin

Yarn version: 
  1.22.19

Node version: 
  16.17.0

Platform: 
  darwin arm64

Trace: 
  Error: EPERM: operation not permitted, open '/Users/bernardo1306/Documents/GitHub/package.json'

npm manifest: 
  {
    "name": "crud",
    "version": "1.0.0",
    "main": "node.js",
    "scripts": {
      "test": "echo \"Error: no test specified\" && exit 1"
    },
    "keywords": [],
    "author": "",
    "license": "ISC",
    "description": ""
  }

yarn manifest: 
  No manifest

Lockfile: 
  No lockfile
